<?xml version="1.0" encoding="UTF-8"?>
<!-- Generated by org.testng.reporters.JUnitReportReporter -->
<testsuite skipped="0" hostname="DESKTOP-UFUCKT0" name="Hybridtestcases.Hybrid_TC005_DeleteLead" tests="1" failures="0" timestamp="2020-03-30T20:31:28 IST" time="41.435" errors="0">
  <testcase name="deleteLead_TestCase" time="41.435" classname="Hybridtestcases.Hybrid_TC005_DeleteLead"/>
</testsuite> <!-- Hybridtestcases.Hybrid_TC005_DeleteLead -->
