<?xml version="1.0" encoding="UTF-8"?>
<!-- Generated by org.testng.reporters.JUnitReportReporter -->
<testsuite skipped="0" hostname="DESKTOP-UFUCKT0" name="Hybridtestcases.Hybrid_TC001_CreateLead" tests="1" failures="0" timestamp="2020-04-03T18:58:50 IST" time="25.761" errors="0">
  <testcase name="CreateLead_TC" time="25.761" classname="Hybridtestcases.Hybrid_TC001_CreateLead"/>
</testsuite> <!-- Hybridtestcases.Hybrid_TC001_CreateLead -->
