<?xml version="1.0" encoding="UTF-8"?>
<!-- Generated by org.testng.reporters.JUnitReportReporter -->
<testsuite skipped="0" hostname="DESKTOP-UFUCKT0" name="Hybridtestcases.Hybrid_TC002_EditLead" tests="1" failures="0" timestamp="2020-03-26T21:51:52 IST" time="34.404" errors="0">
  <testcase name="editLead_testcase" time="34.404" classname="Hybridtestcases.Hybrid_TC002_EditLead"/>
</testsuite> <!-- Hybridtestcases.Hybrid_TC002_EditLead -->
