<?xml version="1.0" encoding="UTF-8"?>
<!-- Generated by org.testng.reporters.JUnitReportReporter -->
<testsuite skipped="0" hostname="DESKTOP-UFUCKT0" name="Hybridtestcases.Hybrid_TC004_MergeLead" tests="1" failures="0" timestamp="2020-03-30T18:40:40 IST" time="62.338" errors="0">
  <testcase name="mergeLead_TestCase" time="62.338" classname="Hybridtestcases.Hybrid_TC004_MergeLead"/>
</testsuite> <!-- Hybridtestcases.Hybrid_TC004_MergeLead -->
