<?xml version="1.0" encoding="UTF-8"?>
<!-- Generated by org.testng.reporters.JUnitReportReporter -->
<testsuite skipped="0" hostname="DESKTOP-UFUCKT0" name="Hybridtestcases.Hybrid_TC003_DuplicateLead" tests="1" failures="0" timestamp="2020-03-29T20:07:54 IST" time="582.781" errors="0">
  <testcase name="duplicateLead_TestCase" time="582.781" classname="Hybridtestcases.Hybrid_TC003_DuplicateLead"/>
</testsuite> <!-- Hybridtestcases.Hybrid_TC003_DuplicateLead -->
